1                    18
10                   2
11                   1
12                   1
13                   1
14                   1
15                   1
15th                 1
16                   1
17                   1
1776                 1
18                   1
19                   1
2                    18
20                   1
20th                 1
21                   1
22                   1
23                   1
24                   1
25                   1
26                   1
27                   1
3                    11
3d                   2
4                    9
5                    5
6                    4
7                    3
8                    2
9                    2
a                    114
abdicated            1
ability              1
abolish              1
abolishing           3
abraham              1
abridge              1
abridged             5
abridging            1
absence              1
absent               1
absolute             3
absolutely           1
absolved             1
abuses               1
accept               1
acceptance           1
accommodation        1
according            6
accordingly          3
account              4
accusation           1
accused              1
accustomed           1
acquiesce            1
act                  9
acted                1
acting               5
acts                 4
actual               3
actually             1
adding               1
addition             1
adhering             1
adjourn              3
adjournment          3
administration       1
admiralty            1
admiring             1
admit                2
admitted             1
adopted              1
adoption             2
advertise            1
advice               2
affect               2
affected             1
affecting            2
affirm               1
affirmation          4
after                9
against              16
age                  7
ages                 2
agree                1
agreement            1
aid                  3
alexander            1
all                  51
allegiance           1
alliance             1
alliances            1
alone                2
already              1
also                 1
alter                3
altering             1
ambassadors          4
amendment            35
amendments           3
america              5
among                9
amongst              1
amount               1
an                   24
and                  321
annihilation         1
annotated            1
another              8
answer               1
answered             1
any                  81
appealed             1
appealing            1
appellate            1
application          2
apply                1
appoint              5
appointed            7
appointment          2
appointments         3
apportioned          2
apportionment        1
appropriate          8
appropriation        1
appropriations       2
approve              1
approved             2
arbitrary            1
are                  15
arising              2
armed                1
armies               3
arming               1
arms                 2
army                 1
arrest               1
arsenals             1
article              28
articles             1
arts                 1
as                   68
ascertained          2
assemble             4
assembled            2
assembling           1
assent               4
assistance           1
assume               3
at                   27
attainder            3
attained             3
attainted            1
attempts             1
attend               1
attendance           2
attention            1
attest               1
authority            9
authorized           2
authors              1
away                 1
bail                 1
baldwin              1
ballot               5
ballots              2
bands                1
bankruptcies         1
barbarous            1
basis                1
bassett              1
be                   189
bear                 3
become               6
becomes              4
bedford              1
been                 22
before               10
begin                2
beginning            2
begun                1
behavior             2
being                3
belonging            1
benefits             1
benjamin             1
best                 1
between              8
beverage             1
beyond               1
bill                 7
bills                3
blair                1
blessings            1
blood                1
blount               1
bodies               2
body                 2
bog                  1
born                 2
borrow               1
both                 9
bound                4
boundaries           1
bounties             1
branch               2
breach               1
brearley             1
brethren             2
bribery              1
bring                1
britain              2
british              2
broom                1
buildings            1
burned               1
business             1
but                  34
butler               1
by                   114
call                 1
called               2
calling              1
candid               1
cannot               1
capital              1
capitation           1
captive              1
captures             1
care                 1
carolina             4
carroll              1
carrying             1
case                 13
cases                15
cause                3
causes               2
census               2
certain              2
certificates         2
certify              2
cession              1
changed              1
character            1
charged              1
charles              2
charters             1
chief                2
choice               8
choose               11
choosing             4
chosen               8
circumstances        2
citizen              4
citizens             19
civil                4
civilized            1
claim                2
claiming             1
claims               2
class                3
classes              1
clauses              1
clear                1
clymer               1
coasts               1
coin                 5
collect              2
colonies             4
color                1
combined             1
comfort              2
commander            1
commenced            1
commerce             3
commission           1
commissions          1
commit               1
committed            4
common               5
compact              1
compel               1
compelled            1
compensation         5
complete             1
compliance           1
composed             3
compulsory           1
concerned            1
concerning           1
conclude             1
concur               2
concurrence          3
concurrent           1
condition            1
conditions           2
confederation        2
confession           1
confirmation         1
confronted           1
congress             62
conjured             1
connected            1
connecticut          2
connection           1
connections          1
consanguinity        1
consent              14
consequence          3
consideration        1
considered           1
consist              5
constitute           2
constituting         1
constitution         27
constitutional       1
constitutionally     1
constrained          1
constrains           1
construed            4
consuls              3
continuance          2
continue             1
contract             1
contracted           1
contracts            1
contrary             2
control              1
controversies        2
controversy          1
convene              1
convened             1
convention           2
conventions          3
convicted            4
conviction           1
convulsions          1
corpus               1
corrected            1
correspondence       1
corruption           1
cotesworth           1
counsel              1
counted              2
counterfeiting       1
counting             1
country              1
course               1
court                7
courts               3
created              2
creator              1
credit               3
crime                6
crimes               3
criminal             2
crown                1
cruel                1
cruelty              1
current              1
cutting              1
danger               2
dangers              1
daniel               2
date                 4
david                1
day                  12
days                 5
dayton               1
deaf                 1
death                7
debate               1
debt                 2
debts                5
december             1
decent               1
decide               1
declaration          9
declare              4
declaring            4
deem                 1
defence              3
defend               1
define               2
delaware             2
delay                1
delegated            1
delivered            2
delivery             1
demand               1
denied               5
denounces            1
deny                 2
department           2
departments          3
dependent            1
depository           1
deprive              1
deprived             2
depriving            1
deputy               1
derived              1
deriving             1
describing           1
design               1
desire               1
desolation           1
despotism            1
destroyed            1
destruction          1
destructive          1
determine            2
determined           2
determines           1
devolve              2
devolved             2
dickinson            1
dictate              1
died                 1
different            4
diminished           2
direct               7
directed             4
disability           3
disagreement         1
disapproved          1
disavow              1
discharge            6
discharged           2
discipline           1
disciplining         1
discoveries          1
disorderly           1
disparage            1
dispose              1
disposed             1
disqualification     1
dissolutions         1
dissolve             1
dissolved            2
distant              1
distinct             2
district             6
districts            1
divided              2
divine               1
do                   6
dobbs                1
dockyards            1
dollars              2
domestic             3
done                 1
dont                 1
drawn                1
dreary               1
due                  3
duly                 1
during               14
duties               16
duty                 4
each                 27
earth                1
eat                  1
effect               5
effects              1
eight                7
eighteen             1
eighteenth           1
eighty               1
either               7
elect                6
elected              11
election             9
elections            2
elector              2
electors             16
eligible             3
emancipation         1
emigration           1
emit                 1
emolument            2
emoluments           1
employed             1
empower              1
encourage            1
end                  2
endeavored           2
ended                1
endowed              1
ends                 1
enemies              3
enforce              9
engage               1
engaged              1
engagements          1
english              1
enjoy                2
enlarging            1
enter                5
entered              3
entitle              1
entitled             4
enumeration          5
equal                8
equally              2
equity               2
erected              2
erection             1
errors               1
escaping             1
establish            6
established          2
establishing         2
establishment        3
event                1
events               1
ever                 1
every                14
evils                1
evinces              1
ex                   2
example              1
exceed               2
exceeding            3
except               11
excepted             1
excepting            1
exceptions           1
excessive            2
excises              2
excited              1
excluding            2
exclusive            2
execute              2
executed             1
executing            1
execution            2
executioners         1
executive            13
exercise             5
exist                1
existing             1
exists               1
expedient            1
expel                1
expenditures         1
experience           1
expiration           3
expire               1
exportation          1
exported             1
exports              2
exposed              1
extend               4
extraordinary        1
fact                 2
facto                2
facts                1
failed               1
failure              1
faith                1
faithfully           2
fall                 1
fatiguing            1
favor                1
fellow               1
felonies             1
felony               2
few                  1
fifth                1
fifths               1
fill                 5
fines                1
firm                 1
firmness             1
first                6
fit                  1
fitzsimons           1
five                 5
fix                  1
fixed                2
fled                 1
flee                 1
following            3
follows              1
for                  114
forbidden            1
forces               2
foregoing            1
foreign              8
foreigners           1
forfeiture           1
form                 4
formed               2
former               1
formidable           1
forms                2
forth                1
forts                1
fortunes             1
forty                1
found                1
foundation           1
four                 3
fourteen             1
fourth               3
fourths              2
franklin             1
free                 7
freedom              1
friends              2
frog                 1
from                 47
frontiers            1
full                 2
fundamentally        1
further              1
future               1
general              4
george               3
georgia              2
gilman               1
give                 2
given                3
giving               2
god                  1
going                1
gold                 1
good                 3
gorham               1
gouvernour           1
governed             1
governing            1
government           14
governments          3
governors            1
grand                1
grant                4
granted              2
granting             1
grants               1
great                2
greatest             4
grievances           1
guarantee            1
guards               1
gunning              1
habeas               1
had                  2
hamilton             1
hampshire            2
hands                1
happen               4
happiness            2
harass               1
has                  21
hath                 1
have                 75
having               10
he                   47
head                 1
heads                1
held                 5
here                 2
hereby               3
herein               3
hereof               2
hereunto             1
high                 3
highest              3
him                  4
himself              1
his                  27
history              2
hither               2
hold                 7
holding              7
honor                2
hours                1
house                33
houses               9
how                  2
httpwwwusconstitutionnetconsthtml 1
hugh                 1
human                1
humble               1
hundred              3
i                    2
if                   24
illegal              1
im                   1
immediate            1
immediately          4
imminent             1
immunities           2
impairing            1
impartial            1
impeachment          5
impeachments         1
impel                1
importance           1
importation          4
imports              2
imposed              2
imposing             1
imposts              4
in                   168
inability            3
incapable            1
included             1
including            2
incomes              1
increased            2
incurred             2
indeed               1
independence         2
independent          4
indian               2
indians              2
indictment           2
ineligible           1
inestimable          1
inevitably           1
infamous             1
inferior             4
inflicted            1
information          1
informed             1
infringed            1
ingersoll            1
inhabitant           4
inhabitants          3
injuries             1
injury               1
inoperative          4
inspection           1
institute            1
instituted           1
instrument           1
insure               1
insurrection         3
insurrections        2
intentions           1
intents              1
interrupt            1
intervened           1
into                 11
intoxicating         2
introducing          1
invaded              1
invariably           1
invasion             3
invasions            2
inventors            1
invested             1
involuntary          1
is                   24
island               1
issue                4
it                   26
its                  14
jackson              1
jacob                1
james                3
january              3
jared                1
jenifer              1
jeopardy             1
jersey               2
john                 4
johnson              1
jonathan             1
journal              4
jr                   2
judge                3
judges               4
judgment             3
judicial             7
judiciary            1
july                 1
junction             1
june                 1
jurisdiction         11
jury                 6
just                 2
justice              6
keep                 3
kept                 1
kind                 1
kindred              1
king                 3
know                 1
known                1
labour               3
laid                 3
land                 4
lands                2
langdon              1
large                5
latter               1
law                  39
laws                 22
lay                  4
laying               1
least                6
legislate            1
legislation          10
legislative          3
legislature          16
legislatures         9
let                  1
letters              2
levey                1
levying              1
liable               1
liberty              4
lie                  1
life                 5
light                1
like                 4
likely               1
likewise             1
limb                 1
limitations          1
limited              1
liquors              2
list                 5
lists                2
livelong             1
lives                2
livingston           1
long                 3
longer               1
lord                 1
loss                 1
made                 10
madison              1
magazines            1
magnanimity          1
maintain             1
majority             14
make                 14
male                 3
mankind              3
manly                1
manner               11
manufacture          1
many                 1
march                1
maritime             1
marked               1
marque               2
maryland             2
massachusetts        2
may                  46
mchenry              1
meantime             1
measures             3
meet                 3
meeting              4
member               6
members              10
men                  2
mentioned            2
mercenaries          1
merciless            1
mifflin              1
migration            2
miles                1
military             2
militia              6
ministers            4
misdemeanors         1
mock                 1
mode                 1
monday               1
money                6
more                 11
morris               2
most                 7
multitude            1
murders              1
must                 1
mutually             1
my                   1
name                 3
names                2
nathaniel            1
nation               1
nations              2
native               1
natural              1
naturalization       2
naturalized          1
nature               2
natures              1
naval                2
navy                 2
nays                 2
necessary            11
necessity            2
needful              2
neglected            1
neighboring          1
neither              6
net                  1
nevertheless         1
new                  12
next                 3
nicholas             1
nine                 2
ninth                1
no                   42
nobility             2
nobody               2
nominate             2
noon                 3
nor                  18
north                2
not                  46
note                 1
noted                1
nothing              1
notwithstanding      1
now                  2
number               25
numbers              4
numerous             2
oath                 5
object               2
objections           3
obligation           2
obligations          1
obliged              1
obstructed           1
obstructing          1
obtained             1
obtaining            1
occasions            1
october              1
of                   576
off                  2
offense              1
offenses             3
office               37
officer              6
officers             12
offices              5
older                1
on                   47
once                 4
one                  28
ones                 1
only                 3
open                 3
operation            1
operative            1
opinion              1
opinions             1
opposing             1
oppressions          1
or                   162
ordain               2
order                2
organizing           2
original             1
originate            1
originated           1
other                34
others               4
otherwise            5
ought                2
our                  29
ourselves            1
out                  3
over                 5
overt                1
own                  2
owner                1
paid                 1
pair                 1
papers               1
paralleled           1
pardons              1
part                 3
participation        1
particular           2
particularly         1
parts                3
party                5
pass                 5
passed               2
paterson             1
patient              1
pay                  4
payment              3
peace                6
peaceably            1
penalties            1
pennsylvania         2
pensions             1
people               19
perfect              1
perfidy              1
perform              1
period               2
person               34
persons              15
petition             1
petitioned           1
petitions            1
pierce               1
pinckney             2
piracies             1
place                6
places               4
plantations          1
pledge               1
plundered            1
political            2
poll                 1
population           1
populous             1
ports                1
possession           1
post                 4
posterity            1
power                25
powers               18
preference           1
prejudice            1
prescribe            1
prescribed           4
presence             2
present              6
presented            3
presentment          1
preserve             1
preserved            1
preside              1
president            109
press                1
pressing             1
pretended            2
prevent              3
previous             1
previously           2
primary              1
prince               2
principal            3
principles           1
prior                2
private              1
privilege            1
privileged           1
privileges           2
pro                  5
probable             1
proceed              1
proceedings          4
process              3
produce              1
profit               3
progress             1
prohibited           4
prohibiting          1
promote              2
proper               4
property             4
proportion           2
propose              2
proposed             2
proposing            1
prosecuted           1
prosecutions         1
protect              2
protecting           1
protection           3
prove                1
proved               1
provide              13
provided             8
providence           2
province             1
provisions           1
prudence             1
public               15
publish              2
published            1
punish               2
punishment           5
punishments          1
purchased            1
purpose              7
purposes             3
pursuance            1
pursuing             1
pursuit              1
put                  1
qualification        1
qualifications       3
qualified            3
qualify              1
quartered            1
quartering           1
question             2
questioned           2
quorum               4
race                 1
raise                1
raising              2
ratification         4
ratified             6
ratifying            1
ravaged              1
read                 1
reason               1
rebellion            5
receipt              1
receipts             1
receive              5
recess               2
recommend            1
reconsider           1
reconsideration      1
reconsidered         1
records              3
rectitude            1
redress              2
reduce               1
reduced              1
reexamined           1
refused              3
refusing             2
regard               1
regular              1
regulate             2
regulated            1
regulation           3
regulations          3
relating             1
reliance             1
religion             1
religious            1
relinquish           1
remain               1
remainder            1
remaining            1
reminded             1
removal              4
remove               1
removed              3
render               2
repassed             1
repealed             2
repeated             3
repeatedly           1
repel                1
representation       6
representative       7
representatives      30
reprieves            1
reprisal             2
republican           1
require              3
required             3
requires             1
requisite            2
reserved             1
reserving            1
reside               1
resident             1
resignation          4
resolution           1
respect              2
respecting           2
respective           7
respectively         3
rest                 1
resume               2
retained             1
return               2
returned             2
returning            1
returns              1
revenue              2
revision             1
rhode                1
richard              2
right                21
rights               4
roads                1
robert               1
roger                1
rufus                1
rule                 3
ruler                1
rules                6
rutledge             1
sacred               1
safety               2
said                 3
salaries             1
sale                 1
same                 18
samuel               1
savages              1
scarcely             1
science              1
sealed               2
searched             1
searches             1
seas                 4
seat                 4
seats                1
second               4
secrecy              1
secretary            1
section              22
sections             1
secure               3
securing             1
securities           1
security             2
seem                 1
seized               1
seizures             1
selected             1
selfevident          1
senate               28
senator              8
senators             13
sent                 2
separate             1
separation           2
september            1
service              7
services             5
servitude            2
session              5
settlement           1
seven                7
seventeenth          1
several              16
sex                  1
sexes                1
shall                307
sherman              1
ships                1
should               5
shown                1
sign                 3
signed               1
silver               1
sitting              2
six                  4
sixth                1
slave                1
slavery              1
smaller              1
so                   6
soldier              1
sole                 3
solemnly             2
some                 1
somebody             1
source               1
south                2
spaight              1
speaker              5
speech               2
speedy               1
spelling             1
square               1
st                   1
stage                1
standard             1
standing             1
state                81
stated               2
statement            1
states               137
station              1
subject              9
subjects             2
submission           4
submitted            1
subscribed           1
subsequent           1
substance            1
successors           1
such                 58
suffer               1
sufferable           1
sufferance           1
sufficient           1
suffrage             1
suit                 1
suits                1
sundays              1
superior             1
support              4
supported            1
suppress             1
suppressing          1
supreme              8
suspended            3
suspending           1
swarms               1
swear                1
system               1
systems              1
take                 6
taken                6
taking               1
tax                  5
taxed                2
taxes                4
tell                 2
temporary            2
tempore              5
ten                  5
tender               1
tenure               1
term                 11
terms                5
territory            3
test                 1
testimony            1
text                 1
than                 11
that                 37
the                  806
their                48
them                 30
themselves           5
then                 13
there                3
thereafter           1
thereby              1
therefore            2
therein              4
thereof              22
theres               1
thereupon            1
these                13
they                 27
theyd                1
thing                2
things               2
think                3
third                2
thirds               8
thirteen             1
thirty               2
thirtyfive           1
this                 40
thomas               3
those                7
thousand             4
three                9
threefourths         2
throughout           3
throw                1
thus                 1
ties                 1
till                 1
time                 25
times                5
title                3
to                   270
together             3
tonnage              1
too                  2
totally              2
towns                1
trade                1
train                1
training             1
tranquility          1
transient            1
transmit             4
transmits            3
transportation       2
transporting         2
treason              7
treasury             3
treaties             3
treaty               1
trial                8
tribes               1
tribunals            1
tried                3
troops               2
trust                4
truths               1
try                  1
twelfth              2
twenty               4
twentyone            2
twice                2
two                  19
twothirds            5
tyranny              2
tyrant               1
tyrants              1
unable               4
unacknowledged       1
unalienable          1
unanimous            2
uncomfortable        1
uncorrected          1
under                18
undistinguished      1
unfit                1
uniform              3
union                6
united               88
unless               16
unreasonable         1
until                8
unusual              2
unwarrantable        1
unworthy             1
up                   3
upon                 6
us                   12
usconstitutionnet    1
use                  4
useful               1
usurpations          3
utterly              1
vacancies            8
vacancy              1
vacated              1
valid                3
validity             1
valuable             1
value                2
varying              1
version              3
vessels              1
vest                 1
vested               4
vice                 24
vicepresident        12
violated             1
violation            1
violence             1
virginia             3
visit                1
voice                1
void                 1
vote                 16
voted                6
votes                14
voting               1
waging               1
wanting              1
war                  9
warfare              1
warned               1
warrants             1
was                  3
washington           1
water                1
way                  1
we                   13
weights              1
welfare              2
well                 2
were                 1
what                 2
whatever             2
whatsoever           2
when                 19
whenever             8
where                2
whereby              1
wherein              3
whereof              3
which                53
while                1
who                  17
whole                10
wholesome            1
whom                 5
whose                3
will                 5
william              6
williamson           1
wilson               1
with                 26
within               21
without              16
witness              2
witnesses            3
work                 1
works                1
world                3
would                4
writ                 1
writing              1
writings             1
writs                2
written              6
year                 11
years                22
yeas                 2
york                 2
you                  3
