1                    18
2                    18
3                    11
a                    114
against              16
all                  51
amendment            35
an                   24
and                  321
any                  81
are                  15
article              28
as                   68
at                   27
be                   189
been                 22
before               10
but                  34
by                   114
case                 13
cases                15
choose               11
citizens             19
congress             62
consent              14
constitution         27
day                  12
during               14
duties               16
each                 27
elected              11
electors             16
every                14
except               11
executive            13
for                  114
from                 47
government           14
has                  21
have                 75
having               10
he                   47
his                  27
house                33
if                   24
in                   168
into                 11
is                   24
it                   26
its                  14
jurisdiction         11
law                  39
laws                 22
legislation          10
legislature          16
made                 10
majority             14
make                 14
manner               11
may                  46
members              10
more                 11
necessary            11
new                  12
no                   42
nor                  18
not                  46
number               25
of                   576
office               37
officers             12
on                   47
one                  28
or                   162
other                34
our                  29
people               19
person               34
persons              15
power                25
powers               18
president            109
provide              13
public               15
representatives      30
right                21
same                 18
section              22
senate               28
senators             13
several              16
shall                307
state                81
states               137
such                 58
term                 11
than                 11
that                 37
the                  806
their                48
them                 30
then                 13
thereof              22
these                13
they                 27
this                 40
time                 25
to                   270
two                  19
under                18
united               88
unless               16
us                   12
vice                 24
vicepresident        12
vote                 16
votes                14
we                   13
when                 19
which                53
who                  17
whole                10
with                 26
within               21
without              16
year                 11
years                22
