1                    18
2                    18
3                    11
a                    97
against              14
all                  41
amendment            35
an                   19
and                  264
any                  79
article              28
as                   64
at                   23
be                   179
been                 18
before               10
but                  33
by                   101
case                 13
cases                13
choose               11
citizens             18
congress             60
consent              11
constitution         26
day                  12
during               14
duties               16
each                 26
elected              10
electors             16
every                12
except               11
executive            13
for                  85
from                 41
have                 64
he                   28
his                  18
house                33
if                   24
in                   147
into                 10
is                   14
it                   20
its                  11
law                  39
laws                 13
legislature          13
majority             14
make                 14
manner               11
may                  44
members              10
more                 10
no                   42
nor                  17
not                  45
number               25
of                   495
office               37
officers             11
on                   39
one                  27
or                   160
other                31
person               34
persons              15
power                22
powers               13
president            109
provide              12
public               12
representatives      29
right                14
same                 16
section              22
senate               28
senators             13
several              16
shall                306
state                79
states               129
such                 52
term                 11
than                 10
that                 24
the                  727
their                28
them                 15
then                 12
thereof              22
they                 20
this                 37
time                 21
to                   202
two                  19
under                17
united               85
unless               14
vice                 24
vicepresident        12
vote                 16
votes                14
when                 16
which                43
who                  16
whole                10
with                 17
within               20
without              13
year                 11
years                22
