11                   1
12                   1
13                   1
14                   1
15                   1
15th                 1
16                   1
17                   1
18                   1
19                   1
20                   1
20th                 1
21                   1
22                   1
23                   1
24                   1
25                   1
26                   1
27                   1
ability              1
abraham              1
abridge              1
abridging            1
absence              1
absent               1
absolutely           1
accept               1
acceptance           1
accusation           1
accused              1
acted                1
actually             1
adding               1
addition             1
adhering             1
admiralty            1
admitted             1
affirm               1
agree                1
agreement            1
alexander            1
alliance             1
alone                1
also                 1
alter                1
annotated            1
answer               1
appellate            1
apply                1
apportionment        1
appropriation        1
appropriations       1
approve              1
armies               1
arming               1
arms                 1
army                 1
arrest               1
arsenals             1
articles             1
arts                 1
assembled            1
assembling           1
assistance           1
attainted            1
attest               1
authors              1
bail                 1
baldwin              1
bankruptcies         1
basis                1
bassett              1
bedford              1
belonging            1
benjamin             1
best                 1
beverage             1
blair                1
blessings            1
blood                1
blount               1
borrow               1
bounties             1
breach               1
brearley             1
bribery              1
broom                1
buildings            1
business             1
butler               1
call                 1
called               1
calling              1
cannot               1
capital              1
capitation           1
captures             1
care                 1
carroll              1
carrying             1
certain              1
cession              1
charged              1
claiming             1
classes              1
clauses              1
clear                1
clymer               1
color                1
commander            1
commenced            1
commission           1
commissions          1
compact              1
compel               1
compelled            1
compulsory           1
concerned            1
concerning           1
concurrent           1
condition            1
confession           1
confirmation         1
confronted           1
consideration        1
considered           1
constituting         1
constitutional       1
constitutionally     1
continue             1
contracted           1
contracts            1
control              1
controversy          1
convene              1
convened             1
conviction           1
corpus               1
corrected            1
corruption           1
cotesworth           1
counsel              1
counterfeiting       1
counting             1
created              1
cruel                1
current              1
david                1
dayton               1
debate               1
december             1
decide               1
deem                 1
defend               1
define               1
delay                1
delegated            1
delivery             1
demand               1
deprive              1
deputy               1
derived              1
describing           1
desire               1
determines           1
dickinson            1
died                 1
disagreement         1
disapproved          1
discipline           1
disciplining         1
discoveries          1
disorderly           1
disparage            1
dispose              1
disqualification     1
dobbs                1
dockyards            1
done                 1
drawn                1
duly                 1
effects              1
eighteen             1
eighteenth           1
eighty               1
emancipation         1
emit                 1
emoluments           1
employed             1
empower              1
ended                1
engage               1
engaged              1
engagements          1
erected              1
erection             1
errors               1
escaping             1
established          1
event                1
ever                 1
excepted             1
excepting            1
exceptions           1
executed             1
executing            1
exist                1
existing             1
exists               1
expedient            1
expel                1
expenditures         1
expire               1
exportation          1
exported             1
extraordinary        1
failed               1
failure              1
faith                1
favor                1
felonies             1
few                  1
fifth                1
fifths               1
fines                1
fitzsimons           1
fix                  1
fled                 1
flee                 1
follows              1
foregoing            1
forfeiture           1
forth                1
forts                1
forty                1
found                1
fourteen             1
franklin             1
freedom              1
full                 1
further              1
gilman               1
giving               1
going                1
gold                 1
good                 1
gorham               1
gouvernour           1
governing            1
grand                1
granting             1
grants               1
grievances           1
guarantee            1
gunning              1
habeas               1
hamilton             1
has                  1
heads                1
hereunto             1
himself              1
honor                1
hours                1
httpwwwusconstitutionnetconsthtml 1
hugh                 1
illegal              1
imminent             1
impairing            1
impartial            1
impeachments         1
included             1
incomes              1
independence         1
indian               1
ineligible           1
infamous             1
inflicted            1
information          1
informed             1
infringed            1
ingersoll            1
inhabitants          1
inspection           1
insure               1
insurrections        1
intents              1
intervened           1
invaded              1
invasions            1
inventors            1
involuntary          1
island               1
jackson              1
jacob                1
jared                1
jenifer              1
jeopardy             1
johnson              1
jonathan             1
junction             1
just                 1
kind                 1
lands                1
langdon              1
large                1
latter               1
legislative          1
levying              1
liable               1
lie                  1
likewise             1
limb                 1
limitations          1
limited              1
livingston           1
longer               1
lord                 1
loss                 1
madison              1
magazines            1
maintain             1
manufacture          1
march                1
maritime             1
mchenry              1
mifflin              1
migration            1
miles                1
military             1
misdemeanors         1
mode                 1
monday               1
my                   1
name                 1
nathaniel            1
natural              1
naturalization       1
naturalized          1
nature               1
net                  1
nevertheless         1
nicholas             1
ninth                1
note                 1
noted                1
nothing              1
notwithstanding      1
now                  1
obligations          1
obliged              1
obtaining            1
occasions            1
october              1
offense              1
older                1
only                 1
operative            1
opinion              1
organizing           1
original             1
originate            1
originated           1
others               1
ourselves            1
out                  1
overt                1
own                  1
owner                1
paid                 1
papers               1
pardons              1
participation        1
particularly         1
paterson             1
peaceably            1
penalties            1
pensions             1
perfect              1
perform              1
petition             1
pierce               1
piracies             1
plantations          1
poll                 1
populous             1
ports                1
possession           1
posterity            1
preference           1
prejudice            1
prescribe            1
presentment          1
preserve             1
preserved            1
preside              1
press                1
previous             1
primary              1
prince               1
private              1
privilege            1
privileged           1
probable             1
proceed              1
produce              1
progress             1
prohibiting          1
proposing            1
prosecuted           1
prosecutions         1
protection           1
proved               1
providence           1
provisions           1
publish              1
published            1
punishments          1
purchased            1
pursuance            1
put                  1
qualification        1
qualify              1
quartered            1
race                 1
raise                1
raising              1
ratifying            1
read                 1
reason               1
receipt              1
receipts             1
recommend            1
reconsider           1
reconsideration      1
reconsidered         1
redress              1
reduced              1
reexamined           1
regard               1
regular              1
regulated            1
relating             1
religion             1
religious            1
remain               1
remainder            1
remove               1
repassed             1
repel                1
reprieves            1
republican           1
reserved             1
reserving            1
reside               1
resident             1
resolution           1
respect              1
retained             1
returned             1
returning            1
returns              1
revision             1
rhode                1
rights               1
roads                1
robert               1
roger                1
rufus                1
rule                 1
rutledge             1
safety               1
sale                 1
samuel               1
science              1
searched             1
searches             1
seas                 1
seats                1
secrecy              1
secretary            1
sections             1
securing             1
securities           1
security             1
seized               1
seizures             1
selected             1
sent                 1
september            1
seventeenth          1
sex                  1
sherman              1
ships                1
should               1
signed               1
silver               1
sixth                1
slave                1
slavery              1
smaller              1
soldier              1
solemnly             1
some                 1
source               1
spaight              1
speedy               1
spelling             1
square               1
st                   1
standard             1
statement            1
subscribed           1
subsequent           1
successors           1
sufficient           1
suffrage             1
suit                 1
suits                1
sundays              1
supported            1
suppress             1
suppressing          1
suspended            1
swear                1
tender               1
test                 1
testimony            1
text                 1
thereafter           1
thereby              1
thereupon            1
things               1
thirtyfive           1
tonnage              1
training             1
tranquility          1
treaty               1
tribes               1
tribunals            1
troops               1
try                  1
unanimous            1
uncorrected          1
unreasonable         1
unusual              1
usconstitutionnet    1
useful               1
vacancy              1
vacated              1
validity             1
varying              1
vessels              1
vest                 1
violated             1
violation            1
violence             1
visit                1
void                 1
voting               1
warrants             1
washington           1
water                1
way                  1
weights              1
were                 1
whatsoever           1
whose                1
williamson           1
wilson               1
work                 1
writ                 1
writing              1
writings             1
10                   2
3d                   2
8                    2
9                    2
accordingly          2
acts                 2
admit                2
adoption             2
advice               2
affect               2
affecting            2
application          2
appointment          2
apportioned          2
approved             2
arising              2
ascertained          2
assume               2
attendance           2
authorized           2
ballots              2
bear                 2
becomes              2
begin                2
beginning            2
behavior             2
body                 2
born                 2
branch               2
cause                2
census               2
certificates         2
certify              2
charles              2
chief                2
claim                2
claims               2
collect              2
comfort              2
commerce             2
concur               2
confederation        2
connecticut          2
constitute           2
continuance          2
contrary             2
controversies        2
convention           2
counted              2
criminal             2
danger               2
daniel               2
debt                 2
declare              2
declaring            2
delaware             2
delivered            2
deny                 2
department           2
deprived             2
determine            2
determined           2
devolve              2
devolved             2
diminished           2
discharged           2
distinct             2
divided              2
dollars              2
domestic             2
elections            2
elector              2
emolument            2
end                  2
enemies              2
enjoy                2
equally              2
equity               2
establishment        2
ex                   2
exceed               2
excessive            2
excises              2
excluding            2
exclusive            2
execute              2
execution            2
exports              2
fact                 2
facto                2
faithfully           2
felony               2
fixed                2
forces               2
form                 2
formed               2
fourths              2
georgia              2
give                 2
granted              2
had                  2
hampshire            2
hereof               2
high                 2
i                    2
immunities           2
imports              2
imposed              2
including            2
increased            2
incurred             2
indians              2
indictment           2
intoxicating         2
invasion             2
jersey               2
jr                   2
judge                2
king                 2
letters              2
liquors              2
lists                2
marque               2
maryland             2
massachusetts        2
measures             2
mentioned            2
morris               2
most                 2
names                2
nations              2
naval                2
navy                 2
nays                 2
needful              2
nine                 2
nobility             2
nominate             2
north                2
numerous             2
obligation           2
offenses             2
ordain               2
order                2
particular           2
parts                2
pass                 2
passed               2
payment              2
pennsylvania         2
period               2
pinckney             2
presence             2
prevent              2
previously           2
prior                2
privileges           2
promote              2
proportion           2
propose              2
proposed             2
protect              2
punish               2
question             2
questioned           2
recess               2
records              2
regulate             2
repealed             2
reprisal             2
requisite            2
respecting           2
resume               2
return               2
revenue              2
richard              2
sealed               2
secure               2
servitude            2
sitting              2
sole                 2
south                2
speech               2
stated               2
subjects             2
taxed                2
temporary            2
themselves           2
thing                2
third                2
thirty               2
threefourths         2
together             2
transportation       2
tried                2
twelfth              2
twentyone            2
twice                2
value                2
we                   2
welfare              2
well                 2
what                 2
whatever             2
where                2
witness              2
would                2
writs                2
yeas                 2
york                 2
7                    3
actual               3
adjourn              3
adjournment          3
aid                  3
amendments           3
america              3
appointments         3
attainder            3
attained             3
being                3
bills                3
civil                3
class                3
composed             3
concurrence          3
consequence          3
consuls              3
conventions          3
courts               3
credit               3
crimes               3
defence              3
departments          3
disability           3
do                   3
due                  3
duty                 3
eligible             3
entered              3
exceeding            3
expiration           3
extend               3
following            3
four                 3
fourth               3
free                 3
general              3
george               3
given                3
hereby               3
herein               3
highest              3
hundred              3
inability            3
insurrection         3
james                3
january              3
judges               3
judgment             3
justice              3
keep                 3
labour               3
laid                 3
liberty              3
like                 3
male                 3
meet                 3
next                 3
noon                 3
objections           3
offices              3
once                 3
open                 3
our                  3
over                 3
part                 3
peace                3
places               3
presented            3
principal            3
process              3
profit               3
purposes             3
qualifications       3
qualified            3
regulation           3
regulations          3
removed              3
require              3
required             3
respectively         3
said                 3
sign                 3
support              3
taxes                3
territory            3
there                3
therein              3
think                3
thomas               3
throughout           3
title                3
transmits            3
treasury             3
treaties             3
uniform              3
up                   3
valid                3
version              3
virginia             3
was                  3
wherein              3
whereof              3
will                 3
witnesses            3
6                    4
account              4
affirmation          4
ambassadors          4
among                4
are                  4
assemble             4
bound                4
carolina             4
choosing             4
citizen              4
committed            4
common               4
construed            4
convicted            4
date                 4
different            4
directed             4
effect               4
entitled             4
exercise             4
grant                4
greatest             4
happen               4
him                  4
hold                 4
immediately          4
importation          4
imposts              4
inferior             4
inhabitant           4
inoperative          4
issue                4
john                 4
journal              4
land                 4
lay                  4
life                 4
meeting              4
ministers            4
numbers              4
pay                  4
post                 4
prescribed           4
proceedings          4
prohibited           4
proper               4
property             4
punishment           4
quorum               4
ratification         4
removal              4
resignation          4
seat                 4
second               4
six                  4
so                   4
submission           4
terms                4
thousand             4
times                4
transmit             4
trust                4
twenty               4
unable               4
use                  4
vested               4
5                    5
abridged             5
acting               5
appoint              5
ballot               5
become               5
coin                 5
compensation         5
consist              5
days                 5
debts                5
denied               5
enter                5
enumeration          5
establish            5
fill                 5
five                 5
held                 5
impeachment          5
jury                 5
list                 5
oath                 5
otherwise            5
party                5
present              5
pro                  5
purpose              5
rebellion            5
receive              5
representation       5
services             5
session              5
speaker              5
taken                5
tax                  5
tempore              5
ten                  5
twothirds            5
whom                 5
according            6
crime                6
death                6
declaration          6
direct               6
discharge            6
district             6
elect                6
equal                6
first                6
foreign              6
least                6
member               6
militia              6
money                6
neither              6
officer              6
place                6
ratified             6
representative       6
rules                6
take                 6
those                6
trial                6
union                6
upon                 6
voted                6
war                  6
william              6
written              6
age                  7
another              7
appointed            7
between              7
bill                 7
court                7
eight                7
either               7
holding              7
judicial             7
respective           7
service              7
seven                7
supreme              7
treason              7
whenever             7
4                    8
act                  8
after                8
appropriate          8
authority            8
choice               8
chosen               8
government           8
houses               8
legislatures         8
new                  8
provided             8
senator              8
subject              8
thirds               8
until                8
vacancies            8
both                 9
election             9
enforce              9
having               9
jurisdiction         9
legislation          9
made                 9
necessary            9
people               9
three                9
before               10
elected              10
into                 10
members              10
more                 10
than                 10
whole                10
3                    11
choose               11
consent              11
except               11
its                  11
manner               11
officers             11
term                 11
year                 11
day                  12
every                12
provide              12
public               12
then                 12
vicepresident        12
case                 13
cases                13
executive            13
laws                 13
legislature          13
powers               13
senators             13
without              13
against              14
during               14
is                   14
majority             14
make                 14
right                14
unless               14
votes                14
persons              15
them                 15
duties               16
electors             16
same                 16
several              16
vote                 16
when                 16
who                  16
nor                  17
under                17
with                 17
1                    18
2                    18
been                 18
citizens             18
his                  18
an                   19
two                  19
it                   20
they                 20
within               20
time                 21
power                22
section              22
thereof              22
years                22
at                   23
if                   24
that                 24
vice                 24
number               25
constitution         26
each                 26
one                  27
article              28
he                   28
senate               28
their                28
representatives      29
other                31
but                  33
house                33
person               34
amendment            35
office               37
this                 37
law                  39
on                   39
all                  41
from                 41
no                   42
which                43
may                  44
not                  45
such                 52
congress             60
as                   64
have                 64
any                  79
state                79
for                  85
united               85
a                    97
by                   101
president            109
states               129
in                   147
or                   160
be                   179
to                   202
and                  264
shall                306
of                   495
the                  727
