1                    18
2                    18
3                    11
4                    8
5                    5
a                    97
abridged             5
according            6
act                  8
acting               5
after                8
against              14
age                  7
all                  41
amendment            35
an                   19
and                  264
another              7
any                  79
appoint              5
appointed            7
appropriate          8
article              28
as                   64
at                   23
authority            8
ballot               5
be                   179
become               5
been                 18
before               10
between              7
bill                 7
both                 9
but                  33
by                   101
case                 13
cases                13
choice               8
choose               11
chosen               8
citizens             18
coin                 5
compensation         5
congress             60
consent              11
consist              5
constitution         26
court                7
crime                6
day                  12
days                 5
death                6
debts                5
declaration          6
denied               5
direct               6
discharge            6
district             6
during               14
duties               16
each                 26
eight                7
either               7
elect                6
elected              10
election             9
electors             16
enforce              9
enter                5
enumeration          5
equal                6
establish            5
every                12
except               11
executive            13
fill                 5
first                6
five                 5
for                  85
foreign              6
from                 41
government           8
have                 64
having               9
he                   28
held                 5
his                  18
holding              7
house                33
houses               8
if                   24
impeachment          5
in                   147
into                 10
is                   14
it                   20
its                  11
judicial             7
jurisdiction         9
jury                 5
law                  39
laws                 13
least                6
legislation          9
legislature          13
legislatures         8
list                 5
made                 9
majority             14
make                 14
manner               11
may                  44
member               6
members              10
militia              6
money                6
more                 10
necessary            9
neither              6
new                  8
no                   42
nor                  17
not                  45
number               25
oath                 5
of                   495
office               37
officer              6
officers             11
on                   39
one                  27
or                   160
other                31
otherwise            5
party                5
people               9
person               34
persons              15
place                6
power                22
powers               13
present              5
president            109
pro                  5
provide              12
provided             8
public               12
purpose              5
ratified             6
rebellion            5
receive              5
representation       5
representative       6
representatives      29
respective           7
right                14
rules                6
same                 16
section              22
senate               28
senator              8
senators             13
service              7
services             5
session              5
seven                7
several              16
shall                306
speaker              5
state                79
states               129
subject              8
such                 52
supreme              7
take                 6
taken                5
tax                  5
tempore              5
ten                  5
term                 11
than                 10
that                 24
the                  727
their                28
them                 15
then                 12
thereof              22
they                 20
thirds               8
this                 37
those                6
three                9
time                 21
to                   202
treason              7
trial                6
two                  19
twothirds            5
under                17
union                6
united               85
unless               14
until                8
upon                 6
vacancies            8
vice                 24
vicepresident        12
vote                 16
voted                6
votes                14
war                  6
when                 16
whenever             7
which                43
who                  16
whole                10
whom                 5
william              6
with                 17
within               20
without              13
written              6
year                 11
years                22
