admiring             1
advertise            1
an                   1
be                   1
bog                  1
dont                 1
dreary               1
frog                 1
im                   1
june                 1
know                 1
like                 1
livelong             1
name                 1
of                   1
ones                 1
pair                 1
public               1
somebody             1
the                  1
then                 1
theres               1
theyd                1
too                  1
us                   1
who                  1
a                    2
are                  2
how                  2
nobody               2
tell                 2
to                   3
you                  3
