a                    15
all                  10
among                5
and                  57
are                  9
be                   9
by                   13
for                  29
from                 6
government           6
has                  20
have                 11
he                   19
his                  9
in                   21
is                   10
it                   6
laws                 9
most                 5
of                   80
on                   8
our                  26
people               10
powers               5
right                7
states               8
such                 6
that                 13
the                  78
their                20
them                 15
these                13
they                 7
to                   65
us                   11
we                   11
which                10
with                 9
