a                    15
all                  10
and                  57
by                   13
for                  29
has                  20
have                 11
he                   19
in                   21
is                   10
of                   80
our                  26
people               10
that                 13
the                  78
their                20
them                 15
these                13
to                   65
us                   11
we                   11
which                10
