among                5
most                 5
powers               5
from                 6
government           6
it                   6
such                 6
right                7
they                 7
on                   8
states               8
are                  9
be                   9
his                  9
laws                 9
with                 9
all                  10
is                   10
people               10
which                10
have                 11
us                   11
we                   11
by                   13
that                 13
these                13
a                    15
them                 15
he                   19
has                  20
their                20
in                   21
our                  26
for                  29
and                  57
to                   65
the                  78
of                   80
