all                  10
is                   10
people               10
which                10
have                 11
us                   11
we                   11
by                   13
that                 13
these                13
a                    15
them                 15
he                   19
has                  20
their                20
in                   21
our                  26
for                  29
and                  57
to                   65
the                  78
of                   80
