5                    5
abridged             5
acting               5
america              5
appoint              5
ballot               5
coin                 5
common               5
compensation         5
consist              5
days                 5
debts                5
denied               5
effect               5
enter                5
enumeration          5
exercise             5
fill                 5
five                 5
held                 5
impeachment          5
large                5
life                 5
list                 5
oath                 5
offices              5
otherwise            5
over                 5
party                5
pass                 5
pro                  5
punishment           5
rebellion            5
receive              5
services             5
session              5
should               5
speaker              5
tax                  5
tempore              5
ten                  5
terms                5
themselves           5
times                5
twothirds            5
whom                 5
will                 5
according            6
become               6
crime                6
discharge            6
district             6
do                   6
elect                6
establish            6
first                6
jury                 6
justice              6
least                6
member               6
militia              6
money                6
neither              6
officer              6
peace                6
place                6
present              6
ratified             6
representation       6
rules                6
so                   6
take                 6
taken                6
union                6
upon                 6
voted                6
william              6
written              6
age                  7
appointed            7
bill                 7
court                7
death                7
direct               7
eight                7
either               7
free                 7
hold                 7
holding              7
judicial             7
most                 7
purpose              7
representative       7
respective           7
service              7
seven                7
those                7
treason              7
another              8
appropriate          8
between              8
choice               8
chosen               8
equal                8
foreign              8
provided             8
senator              8
supreme              8
thirds               8
trial                8
until                8
vacancies            8
whenever             8
4                    9
act                  9
after                9
among                9
authority            9
both                 9
declaration          9
election             9
enforce              9
houses               9
legislatures         9
subject              9
three                9
war                  9
before               10
having               10
legislation          10
made                 10
members              10
whole                10
3                    11
choose               11
elected              11
except               11
into                 11
jurisdiction         11
manner               11
more                 11
necessary            11
term                 11
than                 11
year                 11
day                  12
new                  12
officers             12
us                   12
vicepresident        12
case                 13
executive            13
provide              13
senators             13
then                 13
these                13
we                   13
consent              14
during               14
every                14
government           14
its                  14
majority             14
make                 14
votes                14
are                  15
cases                15
persons              15
public               15
against              16
duties               16
electors             16
legislature          16
several              16
unless               16
vote                 16
without              16
who                  17
1                    18
2                    18
nor                  18
powers               18
same                 18
under                18
citizens             19
people               19
two                  19
when                 19
has                  21
right                21
within               21
been                 22
laws                 22
section              22
thereof              22
years                22
an                   24
if                   24
is                   24
vice                 24
number               25
power                25
time                 25
it                   26
with                 26
at                   27
constitution         27
each                 27
his                  27
they                 27
article              28
one                  28
senate               28
our                  29
representatives      30
them                 30
house                33
but                  34
other                34
person               34
amendment            35
office               37
that                 37
law                  39
this                 40
no                   42
may                  46
not                  46
from                 47
he                   47
on                   47
their                48
all                  51
which                53
such                 58
congress             62
as                   68
have                 75
any                  81
state                81
united               88
president            109
a                    114
by                   114
for                  114
states               137
or                   162
in                   168
be                   189
to                   270
shall                307
and                  321
of                   576
the                  806
