11                   1
12                   1
13                   1
14                   1
15                   1
15th                 1
16                   1
17                   1
1776                 1
18                   1
19                   1
20                   1
20th                 1
21                   1
22                   1
23                   1
24                   1
25                   1
26                   1
27                   1
abdicated            1
ability              1
abolish              1
abraham              1
abridge              1
abridging            1
absence              1
absent               1
absolutely           1
absolved             1
abuses               1
accept               1
acceptance           1
accommodation        1
accusation           1
accused              1
accustomed           1
acquiesce            1
acted                1
actually             1
adding               1
addition             1
adhering             1
administration       1
admiralty            1
admiring             1
admitted             1
adopted              1
advertise            1
affected             1
affirm               1
agree                1
agreement            1
alexander            1
allegiance           1
alliance             1
alliances            1
already              1
also                 1
altering             1
amongst              1
amount               1
annihilation         1
annotated            1
answer               1
answered             1
appealed             1
appealing            1
appellate            1
apply                1
apportionment        1
appropriation        1
approve              1
arbitrary            1
armed                1
arming               1
army                 1
arrest               1
arsenals             1
articles             1
arts                 1
assembling           1
assistance           1
attainted            1
attempts             1
attend               1
attention            1
attest               1
authors              1
away                 1
bail                 1
baldwin              1
bands                1
bankruptcies         1
barbarous            1
basis                1
bassett              1
bedford              1
begun                1
belonging            1
benefits             1
benjamin             1
best                 1
beverage             1
beyond               1
blair                1
blessings            1
blood                1
blount               1
bog                  1
borrow               1
boundaries           1
bounties             1
breach               1
brearley             1
bribery              1
bring                1
broom                1
buildings            1
burned               1
business             1
butler               1
call                 1
calling              1
candid               1
cannot               1
capital              1
capitation           1
captive              1
captures             1
care                 1
carroll              1
carrying             1
cession              1
changed              1
character            1
charged              1
charters             1
civilized            1
claiming             1
classes              1
clauses              1
clear                1
clymer               1
coasts               1
color                1
combined             1
commander            1
commenced            1
commission           1
commissions          1
commit               1
compact              1
compel               1
compelled            1
complete             1
compliance           1
compulsory           1
concerned            1
concerning           1
conclude             1
concurrent           1
condition            1
confession           1
confirmation         1
confronted           1
conjured             1
connected            1
connection           1
connections          1
consanguinity        1
consideration        1
considered           1
constituting         1
constitutional       1
constitutionally     1
constrained          1
constrains           1
continue             1
contract             1
contracted           1
contracts            1
control              1
controversy          1
convene              1
convened             1
conviction           1
convulsions          1
corpus               1
corrected            1
correspondence       1
corruption           1
cotesworth           1
counsel              1
counterfeiting       1
counting             1
country              1
course               1
creator              1
crown                1
cruel                1
cruelty              1
current              1
cutting              1
dangers              1
david                1
dayton               1
deaf                 1
debate               1
december             1
decent               1
decide               1
deem                 1
defend               1
delay                1
delegated            1
delivery             1
demand               1
denounces            1
dependent            1
depository           1
deprive              1
depriving            1
deputy               1
derived              1
deriving             1
describing           1
design               1
desire               1
desolation           1
despotism            1
destroyed            1
destruction          1
destructive          1
determines           1
dickinson            1
dictate              1
died                 1
disagreement         1
disapproved          1
disavow              1
discipline           1
disciplining         1
discoveries          1
disorderly           1
disparage            1
dispose              1
disposed             1
disqualification     1
dissolutions         1
dissolve             1
distant              1
districts            1
divine               1
dobbs                1
dockyards            1
done                 1
dont                 1
drawn                1
dreary               1
duly                 1
earth                1
eat                  1
effects              1
eighteen             1
eighteenth           1
eighty               1
emancipation         1
emigration           1
emit                 1
emoluments           1
employed             1
empower              1
encourage            1
ended                1
endowed              1
ends                 1
engage               1
engaged              1
engagements          1
english              1
enlarging            1
entitle              1
erection             1
errors               1
escaping             1
event                1
events               1
ever                 1
evils                1
evinces              1
example              1
excepted             1
excepting            1
exceptions           1
excited              1
executed             1
executing            1
executioners         1
exist                1
existing             1
exists               1
expedient            1
expel                1
expenditures         1
experience           1
expire               1
exportation          1
exported             1
exposed              1
extraordinary        1
facts                1
failed               1
failure              1
faith                1
fall                 1
fatiguing            1
favor                1
fellow               1
felonies             1
few                  1
fifth                1
fifths               1
fines                1
firm                 1
firmness             1
fit                  1
fitzsimons           1
fix                  1
fled                 1
flee                 1
follows              1
forbidden            1
foregoing            1
foreigners           1
forfeiture           1
former               1
formidable           1
forth                1
forts                1
fortunes             1
forty                1
found                1
foundation           1
fourteen             1
franklin             1
freedom              1
frog                 1
frontiers            1
fundamentally        1
further              1
future               1
gilman               1
god                  1
going                1
gold                 1
gorham               1
gouvernour           1
governed             1
governing            1
governors            1
grand                1
granting             1
grants               1
grievances           1
guarantee            1
guards               1
gunning              1
habeas               1
hamilton             1
hands                1
harass               1
hath                 1
head                 1
heads                1
hereunto             1
himself              1
hours                1
httpwwwusconstitutionnetconsthtml 1
hugh                 1
human                1
humble               1
illegal              1
im                   1
immediate            1
imminent             1
impairing            1
impartial            1
impeachments         1
impel                1
importance           1
imposing             1
incapable            1
included             1
incomes              1
indeed               1
ineligible           1
inestimable          1
inevitably           1
infamous             1
inflicted            1
information          1
informed             1
infringed            1
ingersoll            1
injuries             1
injury               1
inspection           1
institute            1
instituted           1
instrument           1
insure               1
intentions           1
intents              1
interrupt            1
intervened           1
introducing          1
invaded              1
invariably           1
inventors            1
invested             1
involuntary          1
island               1
jackson              1
jacob                1
jared                1
jenifer              1
jeopardy             1
johnson              1
jonathan             1
judiciary            1
july                 1
junction             1
june                 1
kept                 1
kind                 1
kindred              1
know                 1
known                1
langdon              1
latter               1
laying               1
legislate            1
let                  1
levey                1
levying              1
liable               1
lie                  1
light                1
likely               1
likewise             1
limb                 1
limitations          1
limited              1
livelong             1
livingston           1
longer               1
lord                 1
loss                 1
madison              1
magazines            1
magnanimity          1
maintain             1
manly                1
manufacture          1
many                 1
march                1
maritime             1
marked               1
mchenry              1
meantime             1
mercenaries          1
merciless            1
mifflin              1
miles                1
misdemeanors         1
mock                 1
mode                 1
monday               1
multitude            1
murders              1
must                 1
mutually             1
my                   1
nathaniel            1
nation               1
native               1
natural              1
naturalized          1
natures              1
neglected            1
neighboring          1
net                  1
nevertheless         1
nicholas             1
ninth                1
note                 1
noted                1
nothing              1
notwithstanding      1
obligations          1
obliged              1
obstructed           1
obstructing          1
obtained             1
obtaining            1
occasions            1
october              1
offense              1
older                1
ones                 1
operation            1
operative            1
opinion              1
opinions             1
opposing             1
oppressions          1
original             1
originate            1
originated           1
ourselves            1
overt                1
owner                1
paid                 1
pair                 1
papers               1
paralleled           1
pardons              1
participation        1
particularly         1
paterson             1
patient              1
peaceably            1
penalties            1
pensions             1
perfect              1
perfidy              1
perform              1
petition             1
petitioned           1
petitions            1
pierce               1
piracies             1
plantations          1
pledge               1
plundered            1
poll                 1
population           1
populous             1
ports                1
possession           1
posterity            1
preference           1
prejudice            1
prescribe            1
presentment          1
preserve             1
preserved            1
preside              1
press                1
pressing             1
previous             1
primary              1
principles           1
private              1
privilege            1
privileged           1
probable             1
proceed              1
produce              1
progress             1
prohibiting          1
proposing            1
prosecuted           1
prosecutions         1
protecting           1
prove                1
proved               1
province             1
provisions           1
prudence             1
published            1
punishments          1
purchased            1
pursuance            1
pursuing             1
pursuit              1
put                  1
qualification        1
qualify              1
quartered            1
quartering           1
race                 1
raise                1
ratifying            1
ravaged              1
read                 1
reason               1
receipt              1
receipts             1
recommend            1
reconsider           1
reconsideration      1
reconsidered         1
rectitude            1
reduce               1
reduced              1
reexamined           1
regard               1
regular              1
regulated            1
relating             1
reliance             1
religion             1
religious            1
relinquish           1
remain               1
remainder            1
remaining            1
reminded             1
remove               1
repassed             1
repeatedly           1
repel                1
reprieves            1
republican           1
requires             1
reserved             1
reserving            1
reside               1
resident             1
resolution           1
rest                 1
retained             1
returning            1
returns              1
revision             1
rhode                1
roads                1
robert               1
roger                1
rufus                1
ruler                1
rutledge             1
sacred               1
salaries             1
sale                 1
samuel               1
savages              1
scarcely             1
science              1
searched             1
searches             1
seats                1
secrecy              1
secretary            1
sections             1
securing             1
securities           1
seem                 1
seized               1
seizures             1
selected             1
selfevident          1
separate             1
september            1
settlement           1
seventeenth          1
sex                  1
sexes                1
sherman              1
ships                1
shown                1
signed               1
silver               1
sixth                1
slave                1
slavery              1
smaller              1
soldier              1
some                 1
somebody             1
source               1
spaight              1
speedy               1
spelling             1
square               1
st                   1
stage                1
standard             1
standing             1
statement            1
station              1
submitted            1
subscribed           1
subsequent           1
substance            1
successors           1
suffer               1
sufferable           1
sufferance           1
sufficient           1
suffrage             1
suit                 1
suits                1
sundays              1
superior             1
supported            1
suppress             1
suppressing          1
suspending           1
swarms               1
swear                1
system               1
systems              1
taking               1
tender               1
tenure               1
test                 1
testimony            1
text                 1
thereafter           1
thereby              1
theres               1
thereupon            1
theyd                1
thirteen             1
thirtyfive           1
throw                1
thus                 1
ties                 1
till                 1
tonnage              1
towns                1
trade                1
train                1
training             1
tranquility          1
transient            1
treaty               1
tribes               1
tribunals            1
truths               1
try                  1
tyrant               1
tyrants              1
unacknowledged       1
unalienable          1
uncomfortable        1
uncorrected          1
undistinguished      1
unfit                1
unreasonable         1
unwarrantable        1
unworthy             1
usconstitutionnet    1
useful               1
utterly              1
vacancy              1
vacated              1
validity             1
valuable             1
varying              1
vessels              1
vest                 1
violated             1
violation            1
violence             1
visit                1
voice                1
void                 1
voting               1
waging               1
wanting              1
warfare              1
warned               1
warrants             1
washington           1
water                1
way                  1
weights              1
were                 1
whereby              1
while                1
wholesome            1
williamson           1
wilson               1
work                 1
works                1
writ                 1
writing              1
writings             1
10                   2
3d                   2
8                    2
9                    2
admit                2
adoption             2
advice               2
affect               2
affecting            2
ages                 2
alone                2
application          2
appointment          2
apportioned          2
appropriations       2
approved             2
arising              2
arms                 2
ascertained          2
assembled            2
attendance           2
authorized           2
ballots              2
begin                2
beginning            2
behavior             2
bodies               2
body                 2
born                 2
branch               2
brethren             2
britain              2
british              2
called               2
causes               2
census               2
certain              2
certificates         2
certify              2
charles              2
chief                2
circumstances        2
claim                2
claims               2
collect              2
comfort              2
concur               2
conditions           2
confederation        2
connecticut          2
constitute           2
continuance          2
contrary             2
controversies        2
convention           2
counted              2
created              2
criminal             2
danger               2
daniel               2
debt                 2
define               2
delaware             2
delivered            2
deny                 2
department           2
deprived             2
determine            2
determined           2
devolve              2
devolved             2
diminished           2
discharged           2
dissolved            2
distinct             2
divided              2
dollars              2
elections            2
elector              2
emolument            2
end                  2
endeavored           2
enjoy                2
equally              2
equity               2
erected              2
established          2
establishing         2
ex                   2
exceed               2
excessive            2
excises              2
excluding            2
exclusive            2
execute              2
execution            2
exports              2
fact                 2
facto                2
faithfully           2
felony               2
fixed                2
forces               2
formed               2
forms                2
fourths              2
friends              2
full                 2
georgia              2
give                 2
giving               2
granted              2
great                2
had                  2
hampshire            2
happiness            2
here                 2
hereof               2
history              2
hither               2
honor                2
how                  2
i                    2
immunities           2
imports              2
imposed              2
including            2
increased            2
incurred             2
independence         2
indian               2
indians              2
indictment           2
insurrections        2
intoxicating         2
invasions            2
jersey               2
jr                   2
just                 2
lands                2
letters              2
liquors              2
lists                2
lives                2
marque               2
maryland             2
massachusetts        2
men                  2
mentioned            2
migration            2
military             2
morris               2
names                2
nations              2
naturalization       2
nature               2
naval                2
navy                 2
nays                 2
necessity            2
needful              2
nine                 2
nobility             2
nobody               2
nominate             2
north                2
now                  2
numerous             2
object               2
obligation           2
off                  2
ordain               2
order                2
organizing           2
ought                2
own                  2
particular           2
passed               2
pennsylvania         2
period               2
pinckney             2
political            2
presence             2
pretended            2
previously           2
prince               2
prior                2
privileges           2
promote              2
proportion           2
propose              2
proposed             2
protect              2
providence           2
publish              2
punish               2
question             2
questioned           2
raising              2
recess               2
redress              2
refusing             2
regulate             2
render               2
repealed             2
reprisal             2
requisite            2
respect              2
respecting           2
resume               2
return               2
returned             2
revenue              2
richard              2
safety               2
sealed               2
security             2
sent                 2
separation           2
servitude            2
sitting              2
solemnly             2
south                2
speech               2
stated               2
subjects             2
taxed                2
tell                 2
temporary            2
therefore            2
thing                2
things               2
third                2
thirty               2
threefourths         2
too                  2
totally              2
transportation       2
transporting         2
troops               2
twelfth              2
twentyone            2
twice                2
tyranny              2
unanimous            2
unusual              2
value                2
welfare              2
well                 2
what                 2
whatever             2
whatsoever           2
where                2
witness              2
writs                2
yeas                 2
york                 2
7                    3
abolishing           3
absolute             3
accordingly          3
actual               3
adjourn              3
adjournment          3
aid                  3
alter                3
amendments           3
appointments         3
armies               3
assume               3
attainder            3
attained             3
bear                 3
being                3
bills                3
cause                3
class                3
commerce             3
composed             3
concurrence          3
consequence          3
consuls              3
conventions          3
courts               3
credit               3
crimes               3
defence              3
departments          3
disability           3
domestic             3
due                  3
eligible             3
enemies              3
entered              3
establishment        3
exceeding            3
expiration           3
following            3
four                 3
fourth               3
george               3
given                3
good                 3
governments          3
hereby               3
herein               3
high                 3
highest              3
hundred              3
inability            3
inhabitants          3
insurrection         3
invasion             3
james                3
january              3
judge                3
judgment             3
keep                 3
king                 3
labour               3
laid                 3
legislative          3
long                 3
male                 3
mankind              3
measures             3
meet                 3
name                 3
next                 3
noon                 3
objections           3
offenses             3
only                 3
open                 3
out                  3
part                 3
parts                3
payment              3
presented            3
prevent              3
principal            3
process              3
profit               3
protection           3
purposes             3
qualifications       3
qualified            3
records              3
refused              3
regulation           3
regulations          3
removed              3
repeated             3
require              3
required             3
respectively         3
rule                 3
said                 3
secure               3
sign                 3
sole                 3
suspended            3
territory            3
there                3
think                3
thomas               3
throughout           3
title                3
together             3
transmits            3
treasury             3
treaties             3
tried                3
uniform              3
up                   3
usurpations          3
valid                3
version              3
virginia             3
was                  3
wherein              3
whereof              3
whose                3
witnesses            3
world                3
you                  3
6                    4
account              4
acts                 4
affirmation          4
ambassadors          4
assemble             4
assent               4
becomes              4
bound                4
carolina             4
choosing             4
citizen              4
civil                4
colonies             4
committed            4
construed            4
convicted            4
date                 4
declare              4
declaring            4
different            4
directed             4
duty                 4
entitled             4
extend               4
form                 4
general              4
grant                4
greatest             4
happen               4
him                  4
immediately          4
importation          4
imposts              4
independent          4
inferior             4
inhabitant           4
inoperative          4
issue                4
john                 4
journal              4
judges               4
land                 4
lay                  4
liberty              4
like                 4
meeting              4
ministers            4
numbers              4
once                 4
others               4
pay                  4
places               4
post                 4
prescribed           4
proceedings          4
prohibited           4
proper               4
property             4
quorum               4
ratification         4
removal              4
resignation          4
rights               4
seas                 4
seat                 4
second               4
six                  4
submission           4
support              4
taxes                4
therein              4
thousand             4
transmit             4
trust                4
twenty               4
unable               4
use                  4
vested               4
would                4
5                    5
abridged             5
acting               5
america              5
appoint              5
ballot               5
coin                 5
common               5
compensation         5
consist              5
days                 5
debts                5
denied               5
effect               5
enter                5
enumeration          5
exercise             5
fill                 5
five                 5
held                 5
impeachment          5
large                5
life                 5
list                 5
oath                 5
offices              5
otherwise            5
over                 5
party                5
pass                 5
pro                  5
punishment           5
rebellion            5
receive              5
services             5
session              5
should               5
speaker              5
tax                  5
tempore              5
ten                  5
terms                5
themselves           5
times                5
twothirds            5
whom                 5
will                 5
according            6
become               6
crime                6
discharge            6
district             6
do                   6
elect                6
establish            6
first                6
jury                 6
justice              6
least                6
member               6
militia              6
money                6
neither              6
officer              6
peace                6
place                6
present              6
ratified             6
representation       6
rules                6
so                   6
take                 6
taken                6
union                6
upon                 6
voted                6
william              6
written              6
age                  7
appointed            7
bill                 7
court                7
death                7
direct               7
eight                7
either               7
free                 7
hold                 7
holding              7
judicial             7
most                 7
purpose              7
representative       7
respective           7
service              7
seven                7
those                7
treason              7
another              8
appropriate          8
between              8
choice               8
chosen               8
equal                8
foreign              8
provided             8
senator              8
supreme              8
thirds               8
trial                8
until                8
vacancies            8
whenever             8
4                    9
act                  9
after                9
among                9
authority            9
both                 9
declaration          9
election             9
enforce              9
houses               9
legislatures         9
subject              9
three                9
war                  9
before               10
having               10
legislation          10
made                 10
members              10
whole                10
3                    11
choose               11
elected              11
except               11
into                 11
jurisdiction         11
manner               11
more                 11
necessary            11
term                 11
than                 11
year                 11
day                  12
new                  12
officers             12
us                   12
vicepresident        12
case                 13
executive            13
provide              13
senators             13
then                 13
these                13
we                   13
consent              14
during               14
every                14
government           14
its                  14
majority             14
make                 14
votes                14
are                  15
cases                15
persons              15
public               15
against              16
duties               16
electors             16
legislature          16
several              16
unless               16
vote                 16
without              16
who                  17
1                    18
2                    18
nor                  18
powers               18
same                 18
under                18
citizens             19
people               19
two                  19
when                 19
has                  21
right                21
within               21
been                 22
laws                 22
section              22
thereof              22
years                22
an                   24
if                   24
is                   24
vice                 24
number               25
power                25
time                 25
it                   26
with                 26
at                   27
constitution         27
each                 27
his                  27
they                 27
article              28
one                  28
senate               28
our                  29
representatives      30
them                 30
house                33
but                  34
other                34
person               34
amendment            35
office               37
that                 37
law                  39
this                 40
no                   42
may                  46
not                  46
from                 47
he                   47
on                   47
their                48
all                  51
which                53
such                 58
congress             62
as                   68
have                 75
any                  81
state                81
united               88
president            109
a                    114
by                   114
for                  114
states               137
or                   162
in                   168
be                   189
to                   270
shall                307
and                  321
of                   576
the                  806
