a                    2
admiring             1
advertise            1
an                   1
are                  2
be                   1
bog                  1
dont                 1
dreary               1
frog                 1
how                  2
im                   1
june                 1
know                 1
like                 1
livelong             1
name                 1
nobody               2
of                   1
ones                 1
pair                 1
public               1
somebody             1
tell                 2
the                  1
then                 1
theres               1
theyd                1
to                   3
too                  1
us                   1
who                  1
you                  3
