1                    18
10                   2
11                   1
12                   1
13                   1
14                   1
15                   1
15th                 1
16                   1
17                   1
18                   1
19                   1
2                    18
20                   1
20th                 1
21                   1
22                   1
23                   1
24                   1
25                   1
26                   1
27                   1
3                    11
3d                   2
4                    8
5                    5
6                    4
7                    3
8                    2
9                    2
a                    97
ability              1
abraham              1
abridge              1
abridged             5
abridging            1
absence              1
absent               1
absolutely           1
accept               1
acceptance           1
according            6
accordingly          2
account              4
accusation           1
accused              1
act                  8
acted                1
acting               5
acts                 2
actual               3
actually             1
adding               1
addition             1
adhering             1
adjourn              3
adjournment          3
admiralty            1
admit                2
admitted             1
adoption             2
advice               2
affect               2
affecting            2
affirm               1
affirmation          4
after                8
against              14
age                  7
agree                1
agreement            1
aid                  3
alexander            1
all                  41
alliance             1
alone                1
also                 1
alter                1
ambassadors          4
amendment            35
amendments           3
america              3
among                4
an                   19
and                  264
annotated            1
another              7
answer               1
any                  79
appellate            1
application          2
apply                1
appoint              5
appointed            7
appointment          2
appointments         3
apportioned          2
apportionment        1
appropriate          8
appropriation        1
appropriations       1
approve              1
approved             2
are                  4
arising              2
armies               1
arming               1
arms                 1
army                 1
arrest               1
arsenals             1
article              28
articles             1
arts                 1
as                   64
ascertained          2
assemble             4
assembled            1
assembling           1
assistance           1
assume               2
at                   23
attainder            3
attained             3
attainted            1
attendance           2
attest               1
authority            8
authorized           2
authors              1
bail                 1
baldwin              1
ballot               5
ballots              2
bankruptcies         1
basis                1
bassett              1
be                   179
bear                 2
become               5
becomes              2
bedford              1
been                 18
before               10
begin                2
beginning            2
behavior             2
being                3
belonging            1
benjamin             1
best                 1
between              7
beverage             1
bill                 7
bills                3
blair                1
blessings            1
blood                1
blount               1
body                 2
born                 2
borrow               1
both                 9
bound                4
bounties             1
branch               2
breach               1
brearley             1
bribery              1
broom                1
buildings            1
business             1
but                  33
butler               1
by                   101
call                 1
called               1
calling              1
cannot               1
capital              1
capitation           1
captures             1
care                 1
carolina             4
carroll              1
carrying             1
case                 13
cases                13
cause                2
census               2
certain              1
certificates         2
certify              2
cession              1
charged              1
charles              2
chief                2
choice               8
choose               11
choosing             4
chosen               8
citizen              4
citizens             18
civil                3
claim                2
claiming             1
claims               2
class                3
classes              1
clauses              1
clear                1
clymer               1
coin                 5
collect              2
color                1
comfort              2
commander            1
commenced            1
commerce             2
commission           1
commissions          1
committed            4
common               4
compact              1
compel               1
compelled            1
compensation         5
composed             3
compulsory           1
concerned            1
concerning           1
concur               2
concurrence          3
concurrent           1
condition            1
confederation        2
confession           1
confirmation         1
confronted           1
congress             60
connecticut          2
consent              11
consequence          3
consideration        1
considered           1
consist              5
constitute           2
constituting         1
constitution         26
constitutional       1
constitutionally     1
construed            4
consuls              3
continuance          2
continue             1
contracted           1
contracts            1
contrary             2
control              1
controversies        2
controversy          1
convene              1
convened             1
convention           2
conventions          3
convicted            4
conviction           1
corpus               1
corrected            1
corruption           1
cotesworth           1
counsel              1
counted              2
counterfeiting       1
counting             1
court                7
courts               3
created              1
credit               3
crime                6
crimes               3
criminal             2
cruel                1
current              1
danger               2
daniel               2
date                 4
david                1
day                  12
days                 5
dayton               1
death                6
debate               1
debt                 2
debts                5
december             1
decide               1
declaration          6
declare              2
declaring            2
deem                 1
defence              3
defend               1
define               1
delaware             2
delay                1
delegated            1
delivered            2
delivery             1
demand               1
denied               5
deny                 2
department           2
departments          3
deprive              1
deprived             2
deputy               1
derived              1
describing           1
desire               1
determine            2
determined           2
determines           1
devolve              2
devolved             2
dickinson            1
died                 1
different            4
diminished           2
direct               6
directed             4
disability           3
disagreement         1
disapproved          1
discharge            6
discharged           2
discipline           1
disciplining         1
discoveries          1
disorderly           1
disparage            1
dispose              1
disqualification     1
distinct             2
district             6
divided              2
do                   3
dobbs                1
dockyards            1
dollars              2
domestic             2
done                 1
drawn                1
due                  3
duly                 1
during               14
duties               16
duty                 3
each                 26
effect               4
effects              1
eight                7
eighteen             1
eighteenth           1
eighty               1
either               7
elect                6
elected              10
election             9
elections            2
elector              2
electors             16
eligible             3
emancipation         1
emit                 1
emolument            2
emoluments           1
employed             1
empower              1
end                  2
ended                1
enemies              2
enforce              9
engage               1
engaged              1
engagements          1
enjoy                2
enter                5
entered              3
entitled             4
enumeration          5
equal                6
equally              2
equity               2
erected              1
erection             1
errors               1
escaping             1
establish            5
established          1
establishment        2
event                1
ever                 1
every                12
ex                   2
exceed               2
exceeding            3
except               11
excepted             1
excepting            1
exceptions           1
excessive            2
excises              2
excluding            2
exclusive            2
execute              2
executed             1
executing            1
execution            2
executive            13
exercise             4
exist                1
existing             1
exists               1
expedient            1
expel                1
expenditures         1
expiration           3
expire               1
exportation          1
exported             1
exports              2
extend               3
extraordinary        1
fact                 2
facto                2
failed               1
failure              1
faith                1
faithfully           2
favor                1
felonies             1
felony               2
few                  1
fifth                1
fifths               1
fill                 5
fines                1
first                6
fitzsimons           1
five                 5
fix                  1
fixed                2
fled                 1
flee                 1
following            3
follows              1
for                  85
forces               2
foregoing            1
foreign              6
forfeiture           1
form                 2
formed               2
forth                1
forts                1
forty                1
found                1
four                 3
fourteen             1
fourth               3
fourths              2
franklin             1
free                 3
freedom              1
from                 41
full                 1
further              1
general              3
george               3
georgia              2
gilman               1
give                 2
given                3
giving               1
going                1
gold                 1
good                 1
gorham               1
gouvernour           1
governing            1
government           8
grand                1
grant                4
granted              2
granting             1
grants               1
greatest             4
grievances           1
guarantee            1
gunning              1
habeas               1
had                  2
hamilton             1
hampshire            2
happen               4
has                  1
have                 64
having               9
he                   28
heads                1
held                 5
hereby               3
herein               3
hereof               2
hereunto             1
high                 2
highest              3
him                  4
himself              1
his                  18
hold                 4
holding              7
honor                1
hours                1
house                33
houses               8
httpwwwusconstitutionnetconsthtml 1
hugh                 1
hundred              3
i                    2
if                   24
illegal              1
immediately          4
imminent             1
immunities           2
impairing            1
impartial            1
impeachment          5
impeachments         1
importation          4
imports              2
imposed              2
imposts              4
in                   147
inability            3
included             1
including            2
incomes              1
increased            2
incurred             2
independence         1
indian               1
indians              2
indictment           2
ineligible           1
infamous             1
inferior             4
inflicted            1
information          1
informed             1
infringed            1
ingersoll            1
inhabitant           4
inhabitants          1
inoperative          4
inspection           1
insure               1
insurrection         3
insurrections        1
intents              1
intervened           1
into                 10
intoxicating         2
invaded              1
invasion             2
invasions            1
inventors            1
involuntary          1
is                   14
island               1
issue                4
it                   20
its                  11
jackson              1
jacob                1
james                3
january              3
jared                1
jenifer              1
jeopardy             1
jersey               2
john                 4
johnson              1
jonathan             1
journal              4
jr                   2
judge                2
judges               3
judgment             3
judicial             7
junction             1
jurisdiction         9
jury                 5
just                 1
justice              3
keep                 3
kind                 1
king                 2
labour               3
laid                 3
land                 4
lands                1
langdon              1
large                1
latter               1
law                  39
laws                 13
lay                  4
least                6
legislation          9
legislative          1
legislature          13
legislatures         8
letters              2
levying              1
liable               1
liberty              3
lie                  1
life                 4
like                 3
likewise             1
limb                 1
limitations          1
limited              1
liquors              2
list                 5
lists                2
livingston           1
longer               1
lord                 1
loss                 1
made                 9
madison              1
magazines            1
maintain             1
majority             14
make                 14
male                 3
manner               11
manufacture          1
march                1
maritime             1
marque               2
maryland             2
massachusetts        2
may                  44
mchenry              1
measures             2
meet                 3
meeting              4
member               6
members              10
mentioned            2
mifflin              1
migration            1
miles                1
military             1
militia              6
ministers            4
misdemeanors         1
mode                 1
monday               1
money                6
more                 10
morris               2
most                 2
my                   1
name                 1
names                2
nathaniel            1
nations              2
natural              1
naturalization       1
naturalized          1
nature               1
naval                2
navy                 2
nays                 2
necessary            9
needful              2
neither              6
net                  1
nevertheless         1
new                  8
next                 3
nicholas             1
nine                 2
ninth                1
no                   42
nobility             2
nominate             2
noon                 3
nor                  17
north                2
not                  45
note                 1
noted                1
nothing              1
notwithstanding      1
now                  1
number               25
numbers              4
numerous             2
oath                 5
objections           3
obligation           2
obligations          1
obliged              1
obtaining            1
occasions            1
october              1
of                   495
offense              1
offenses             2
office               37
officer              6
officers             11
offices              3
older                1
on                   39
once                 3
one                  27
only                 1
open                 3
operative            1
opinion              1
or                   160
ordain               2
order                2
organizing           1
original             1
originate            1
originated           1
other                31
others               1
otherwise            5
our                  3
ourselves            1
out                  1
over                 3
overt                1
own                  1
owner                1
paid                 1
papers               1
pardons              1
part                 3
participation        1
particular           2
particularly         1
parts                2
party                5
pass                 2
passed               2
paterson             1
pay                  4
payment              2
peace                3
peaceably            1
penalties            1
pennsylvania         2
pensions             1
people               9
perfect              1
perform              1
period               2
person               34
persons              15
petition             1
pierce               1
pinckney             2
piracies             1
place                6
places               3
plantations          1
poll                 1
populous             1
ports                1
possession           1
post                 4
posterity            1
power                22
powers               13
preference           1
prejudice            1
prescribe            1
prescribed           4
presence             2
present              5
presented            3
presentment          1
preserve             1
preserved            1
preside              1
president            109
press                1
prevent              2
previous             1
previously           2
primary              1
prince               1
principal            3
prior                2
private              1
privilege            1
privileged           1
privileges           2
pro                  5
probable             1
proceed              1
proceedings          4
process              3
produce              1
profit               3
progress             1
prohibited           4
prohibiting          1
promote              2
proper               4
property             4
proportion           2
propose              2
proposed             2
proposing            1
prosecuted           1
prosecutions         1
protect              2
protection           1
proved               1
provide              12
provided             8
providence           1
provisions           1
public               12
publish              1
published            1
punish               2
punishment           4
punishments          1
purchased            1
purpose              5
purposes             3
pursuance            1
put                  1
qualification        1
qualifications       3
qualified            3
qualify              1
quartered            1
question             2
questioned           2
quorum               4
race                 1
raise                1
raising              1
ratification         4
ratified             6
ratifying            1
read                 1
reason               1
rebellion            5
receipt              1
receipts             1
receive              5
recess               2
recommend            1
reconsider           1
reconsideration      1
reconsidered         1
records              2
redress              1
reduced              1
reexamined           1
regard               1
regular              1
regulate             2
regulated            1
regulation           3
regulations          3
relating             1
religion             1
religious            1
remain               1
remainder            1
removal              4
remove               1
removed              3
repassed             1
repealed             2
repel                1
representation       5
representative       6
representatives      29
reprieves            1
reprisal             2
republican           1
require              3
required             3
requisite            2
reserved             1
reserving            1
reside               1
resident             1
resignation          4
resolution           1
respect              1
respecting           2
respective           7
respectively         3
resume               2
retained             1
return               2
returned             1
returning            1
returns              1
revenue              2
revision             1
rhode                1
richard              2
right                14
rights               1
roads                1
robert               1
roger                1
rufus                1
rule                 1
rules                6
rutledge             1
safety               1
said                 3
sale                 1
same                 16
samuel               1
science              1
sealed               2
searched             1
searches             1
seas                 1
seat                 4
seats                1
second               4
secrecy              1
secretary            1
section              22
sections             1
secure               2
securing             1
securities           1
security             1
seized               1
seizures             1
selected             1
senate               28
senator              8
senators             13
sent                 1
september            1
service              7
services             5
servitude            2
session              5
seven                7
seventeenth          1
several              16
sex                  1
shall                306
sherman              1
ships                1
should               1
sign                 3
signed               1
silver               1
sitting              2
six                  4
sixth                1
slave                1
slavery              1
smaller              1
so                   4
soldier              1
sole                 2
solemnly             1
some                 1
source               1
south                2
spaight              1
speaker              5
speech               2
speedy               1
spelling             1
square               1
st                   1
standard             1
state                79
stated               2
statement            1
states               129
subject              8
subjects             2
submission           4
subscribed           1
subsequent           1
successors           1
such                 52
sufficient           1
suffrage             1
suit                 1
suits                1
sundays              1
support              3
supported            1
suppress             1
suppressing          1
supreme              7
suspended            1
swear                1
take                 6
taken                5
tax                  5
taxed                2
taxes                3
temporary            2
tempore              5
ten                  5
tender               1
term                 11
terms                4
territory            3
test                 1
testimony            1
text                 1
than                 10
that                 24
the                  727
their                28
them                 15
themselves           2
then                 12
there                3
thereafter           1
thereby              1
therein              3
thereof              22
thereupon            1
they                 20
thing                2
things               1
think                3
third                2
thirds               8
thirty               2
thirtyfive           1
this                 37
thomas               3
those                6
thousand             4
three                9
threefourths         2
throughout           3
time                 21
times                4
title                3
to                   202
together             2
tonnage              1
training             1
tranquility          1
transmit             4
transmits            3
transportation       2
treason              7
treasury             3
treaties             3
treaty               1
trial                6
tribes               1
tribunals            1
tried                2
troops               1
trust                4
try                  1
twelfth              2
twenty               4
twentyone            2
twice                2
two                  19
twothirds            5
unable               4
unanimous            1
uncorrected          1
under                17
uniform              3
union                6
united               85
unless               14
unreasonable         1
until                8
unusual              1
up                   3
upon                 6
usconstitutionnet    1
use                  4
useful               1
vacancies            8
vacancy              1
vacated              1
valid                3
validity             1
value                2
varying              1
version              3
vessels              1
vest                 1
vested               4
vice                 24
vicepresident        12
violated             1
violation            1
violence             1
virginia             3
visit                1
void                 1
vote                 16
voted                6
votes                14
voting               1
war                  6
warrants             1
was                  3
washington           1
water                1
way                  1
we                   2
weights              1
welfare              2
well                 2
were                 1
what                 2
whatever             2
whatsoever           1
when                 16
whenever             7
where                2
wherein              3
whereof              3
which                43
who                  16
whole                10
whom                 5
whose                1
will                 3
william              6
williamson           1
wilson               1
with                 17
within               20
without              13
witness              2
witnesses            3
work                 1
would                2
writ                 1
writing              1
writings             1
writs                2
written              6
year                 11
years                22
yeas                 2
york                 2
