1776                 1
4                    1
a                    15
abdicated            1
abolish              1
abolishing           3
absolute             3
absolved             1
abuses               1
accommodation        1
accordingly          1
accustomed           1
acquiesce            1
act                  1
acts                 2
administration       1
adopted              1
affected             1
after                1
against              2
ages                 2
all                  10
allegiance           1
alliances            1
alone                1
already              1
alter                2
altering             1
america              2
among                5
amongst              1
amount               1
an                   4
and                  57
annihilation         1
another              1
answered             1
any                  2
appealed             1
appealing            1
appropriations       1
arbitrary            1
are                  9
armed                1
armies               2
arms                 1
as                   4
assembled            1
assent               4
assume               1
at                   4
attempts             1
attend               1
attention            1
authority            1
away                 1
bands                1
barbarous            1
be                   9
bear                 1
become               1
becomes              2
been                 4
begun                1
benefits             1
between              1
beyond               1
bodies               2
boundaries           1
brethren             2
bring                1
britain              2
british              2
burned               1
but                  1
by                   13
called               1
candid               1
captive              1
cases                2
cause                1
causes               2
certain              1
changed              1
character            1
charters             1
circumstances        2
citizens             1
civil                1
civilized            1
coasts               1
colonies             4
combined             1
commerce             1
commit               1
common               1
complete             1
compliance           1
conclude             1
conditions           2
congress             2
conjured             1
connected            1
connection           1
connections          1
consanguinity        1
consent              3
constitution         1
constrained          1
constrains           1
contract             1
convulsions          1
correspondence       1
country              1
course               1
created              1
creator              1
crown                1
cruelty              1
cutting              1
dangers              1
deaf                 1
death                1
decent               1
declaration          3
declare              2
declaring            2
define               1
denounces            1
dependent            1
depository           1
depriving            1
deriving             1
design               1
desolation           1
despotism            1
destroyed            1
destruction          1
destructive          1
dictate              1
direct               1
disavow              1
disposed             1
dissolutions         1
dissolve             1
dissolved            2
distant              1
districts            1
divine               1
do                   3
domestic             1
duty                 1
each                 1
earth                1
eat                  1
effect               1
elected              1
emigration           1
encourage            1
endeavored           2
endowed              1
ends                 1
enemies              1
english              1
enlarging            1
entitle              1
equal                2
erected              1
establish            1
established          1
establishing         2
establishment        1
events               1
every                2
evils                1
evinces              1
example              1
excited              1
executioners         1
exercise             1
experience           1
exposed              1
extend               1
facts                1
fall                 1
fatiguing            1
fellow               1
firm                 1
firmness             1
fit                  1
for                  29
forbidden            1
foreign              2
foreigners           1
form                 2
former               1
formidable           1
forms                2
fortunes             1
foundation           1
free                 4
friends              2
from                 6
frontiers            1
full                 1
fundamentally        1
future               1
general              1
giving               1
god                  1
good                 2
governed             1
government           6
governments          3
governors            1
great                2
guards               1
hands                1
happiness            2
harass               1
has                  20
hath                 1
have                 11
having               1
he                   19
head                 1
here                 2
high                 1
his                  9
history              2
hither               2
hold                 3
honor                1
houses               1
human                1
humble               1
immediate            1
impel                1
importance           1
imposing             1
in                   21
incapable            1
indeed               1
independence         1
independent          4
indian               1
inestimable          1
inevitably           1
inhabitants          2
injuries             1
injury               1
institute            1
instituted           1
instrument           1
insurrections        1
intentions           1
interrupt            1
into                 1
introducing          1
invariably           1
invasion             1
invasions            1
invested             1
is                   10
it                   6
its                  3
judge                1
judges               1
judiciary            1
july                 1
jurisdiction         2
jury                 1
just                 1
justice              3
kept                 1
kindred              1
king                 1
known                1
lands                1
large                4
laws                 9
laying               1
legislate            1
legislation          1
legislative          2
legislature          3
legislatures         1
let                  1
levey                1
liberty              1
life                 1
light                1
likely               1
lives                2
long                 3
made                 1
magnanimity          1
mankind              3
manly                1
many                 1
marked               1
may                  2
meantime             1
measures             1
men                  2
mercenaries          1
merciless            1
migration            1
military             1
mock                 1
more                 1
most                 5
multitude            1
murders              1
must                 1
mutually             1
name                 1
nation               1
native               1
naturalization       1
nature               1
natures              1
necessary            2
necessity            2
neglected            1
neighboring          1
new                  4
nor                  1
not                  1
now                  1
object               2
obstructed           1
obstructing          1
obtained             1
of                   80
off                  2
offenses             1
officers             1
offices              2
on                   8
once                 1
one                  1
only                 2
operation            1
opinions             1
opposing             1
oppressions          1
or                   2
organizing           1
other                3
others               3
ought                2
our                  26
out                  2
over                 2
own                  1
paralleled           1
parts                1
pass                 3
patient              1
payment              1
peace                3
people               10
perfidy              1
petitioned           1
petitions            1
places               1
pledge               1
plundered            1
political            2
population           1
power                3
powers               5
present              1
pressing             1
pretended            2
prevent              1
prince               1
principles           1
protecting           1
protection           2
prove                1
provide              1
providence           1
province             1
prudence             1
public               2
publish              1
punishment           1
purpose              2
pursuing             1
pursuit              1
quartering           1
raising              1
ravaged              1
records              1
rectitude            1
redress              1
reduce               1
refused              3
refusing             2
reliance             1
relinquish           1
remaining            1
reminded             1
render               2
repeated             3
repeatedly           1
representation       1
representative       1
representatives      1
requires             1
respect              1
rest                 1
returned             1
right                7
rights               3
rule                 2
ruler                1
sacred               1
safety               1
salaries             1
same                 2
savages              1
scarcely             1
seas                 3
secure               1
security             1
seem                 1
selfevident          1
sent                 1
separate             1
separation           2
settlement           1
sexes                1
shall                1
should               4
shown                1
so                   2
sole                 1
solemnly             1
stage                1
standing             1
state                2
states               8
station              1
subject              1
submitted            1
substance            1
such                 6
suffer               1
sufferable           1
sufferance           1
superior             1
support              1
supreme              1
suspended            2
suspending           1
swarms               1
system               1
systems              1
taken                1
taking               1
taxes                1
tenure               1
terms                1
than                 1
that                 13
the                  78
their                20
them                 15
themselves           3
therefore            2
therein              1
these                13
they                 7
things               1
thirteen             1
this                 3
those                1
throw                1
thus                 1
ties                 1
till                 1
time                 4
times                1
to                   65
together             1
too                  1
totally              2
towns                1
trade                1
train                1
transient            1
transporting         2
trial                2
tried                1
troops               1
truths               1
tyranny              2
tyrant               1
tyrants              1
unacknowledged       1
unalienable          1
unanimous            1
uncomfortable        1
under                1
undistinguished      1
unfit                1
united               3
unless               2
unusual              1
unwarrantable        1
unworthy             1
us                   11
usurpations          3
utterly              1
valuable             1
voice                1
waging               1
wanting              1
war                  3
warfare              1
warned               1
we                   11
whatsoever           1
when                 3
whenever             1
whereby              1
which                10
while                1
wholesome            1
whose                2
will                 2
with                 9
within               1
without              3
works                1
world                3
would                2
